<?xml version="1.0" encoding="UTF-8"?>
<!-- Generated by org.testng.reporters.JUnitReportReporter -->
<testsuite hostname="eps46-Epixel" failures="0" tests="4" name="com.inergTest.TestClass" time="13.273" errors="0" timestamp="2025-02-05T15:59:51 IST" skipped="0">
  <testcase classname="com.inergTest.TestClass" name="validateHomepageTitle" time="0.023"/>
  <system-out/>
  <testcase classname="com.inergTest.TestClass" name="lineChartrepersentation" time="3.933"/>
  <system-out/>
  <testcase classname="com.inergTest.TestClass" name="leafletClickable" time="2.776"/>
  <system-out/>
  <testcase classname="com.inergTest.TestClass" name="openStreet" time="6.541"/>
  <system-out/>
</testsuite> <!-- com.inergTest.TestClass -->
